#
# A fatal error has been detected by the Java Runtime Environment:
#
#  EXCEPTION_ACCESS_VIOLATION (0xc0000005) at pc=0x617493cd, pid=14408, tid=0x000043f0
#
# JRE version: Java(TM) SE Runtime Environment (8.0_92-b14) (build 1.8.0_92-b14)
# Java VM: Java HotSpot(TM) Client VM (25.92-b14 mixed mode windows-x86 )
# Problematic frame:
# C  [listSerialsj.dll+0x93cd]
#
# Failed to write core dump. Minidumps are not enabled by default on client versions of Windows
#
# If you would like to submit a bug report, please visit:
#   http://bugreport.java.com/bugreport/crash.jsp
# The crash happened outside the Java Virtual Machine in native code.
# See problematic frame for where to report the bug.
#

---------------  T H R E A D  ---------------

Current thread (0x27245000):  JavaThread "cc.arduino.packages.discoverers.serial.SerialBoardsLister" [_thread_in_native, id=17392, stack(0x26600000,0x26650000)]

siginfo: ExceptionCode=0xc0000005, writing address 0x00000000

Registers:
EAX=0x00000000, EBX=0x00000564, ECX=0x00000000, EDX=0x00000001
ESP=0x2664eda0, EBP=0x2664f1f8, ESI=0x00000001, EDI=0x010547b0
EIP=0x617493cd, EFLAGS=0x00010246

Top of Stack: (sp=0x2664eda0)
0x2664eda0:   01231158 0000002e 00000002 00000000
0x2664edb0:   00000003 00000000 00000000 00000000
0x2664edc0:   6565d8e6 0008a5ae 0000006c 73cea540
0x2664edd0:   28d81b40 018077a9 01054fd8 00000088
0x2664ede0:   00000001 2664ee34 0000000e 00000200
0x2664edf0:   00000001 0000006c 00000016 2664ef38
0x2664ee00:   2664ee10 6582f270 344d4f43 001df300
0x2664ee10:   00425355 2664ee40 0328c75b 00000000 

Instructions: (pc=0x617493cd)
0x617493ad:   8b 45 08 8b 90 94 00 00 00 85 d2 74 16 8b 40 2c
0x617493bd:   c7 44 24 04 2e 00 00 00 89 04 24 e8 73 14 00 00
0x617493cd:   c6 00 00 8d 85 04 fc ff ff 89 44 24 18 8d 85 0a
0x617493dd:   fc ff ff 89 44 24 10 a1 e4 01 75 61 c7 85 04 fc 


Register to memory mapping:

EAX=0x00000000 is an unknown value
EBX=0x00000564 is an unknown value
ECX=0x00000000 is an unknown value
EDX=0x00000001 is an unknown value
ESP=0x2664eda0 is pointing into the stack for thread: 0x27245000
EBP=0x2664f1f8 is pointing into the stack for thread: 0x27245000
ESI=0x00000001 is an unknown value
EDI=0x010547b0 is an unknown value


Stack: [0x26600000,0x26650000],  sp=0x2664eda0,  free space=315k
Native frames: (J=compiled Java code, j=interpreted, Vv=VM code, C=native code)
C  [listSerialsj.dll+0x93cd]
C  [listSerialsj.dll+0x2211]

Java frames: (J=compiled Java code, j=interpreted, Vv=VM code)
j  processing.app.Platform.resolveDeviceAttachedToNative(Ljava/lang/String;)Ljava/lang/String;+0
j  processing.app.Platform.resolveDeviceByVendorIdProductId(Ljava/lang/String;Ljava/util/Map;)Ljava/util/Map;+2
J 3434 C1 cc.arduino.packages.discoverers.serial.SerialBoardsLister.retriggerDiscovery(Z)V (751 bytes) @ 0x03442264 [0x03441b50+0x714]
J 3495 C1 cc.arduino.packages.discoverers.serial.SerialBoardsLister.run()V (13 bytes) @ 0x03337394 [0x03337350+0x44]
J 2683% C1 java.util.TimerThread.mainLoop()V (232 bytes) @ 0x03479014 [0x03478be0+0x434]
j  java.util.TimerThread.run()V+1
v  ~StubRoutines::call_stub

---------------  P R O C E S S  ---------------

Java Threads: ( => current thread )
  0x27471800 JavaThread "JmDNS(Kevin.local.).Timer" daemon [_thread_blocked, id=19108, stack(0x298b0000,0x29900000)]
  0x27473800 JavaThread "JmDNS(Kevin.local.).State.Timer" [_thread_blocked, id=16144, stack(0x29820000,0x29870000)]
  0x27471400 JavaThread "JmDNS(Kevin.local.).Timer" daemon [_thread_blocked, id=19368, stack(0x29450000,0x294a0000)]
  0x27477000 JavaThread "SocketListener(Kevin.local.)" daemon [_thread_in_native, id=3576, stack(0x28920000,0x28970000)]
  0x27478800 JavaThread "JmDNS(Kevin.local.).Timer" daemon [_thread_blocked, id=12348, stack(0x29790000,0x297e0000)]
  0x27478400 JavaThread "JmDNS(Kevin.local.).State.Timer" [_thread_blocked, id=4240, stack(0x29570000,0x295c0000)]
  0x27476400 JavaThread "JmDNS(Kevin.local.).Timer" daemon [_thread_blocked, id=8148, stack(0x294e0000,0x29530000)]
  0x27472400 JavaThread "SocketListener(Kevin.local.)" daemon [_thread_in_native, id=18368, stack(0x28cd0000,0x28d20000)]
  0x27477800 JavaThread "JmDNS(Kevin.local.).Timer" daemon [_thread_blocked, id=1180, stack(0x26e50000,0x26ea0000)]
  0x27477c00 JavaThread "JmDNS(Kevin.local.).State.Timer" [_thread_blocked, id=20104, stack(0x02eb0000,0x02f00000)]
  0x27473000 JavaThread "JmDNS(Kevin.local.).Timer" daemon [_thread_blocked, id=9824, stack(0x02bf0000,0x02c40000)]
  0x27472c00 JavaThread "SocketListener(Kevin.local.)" daemon [_thread_in_native, id=9576, stack(0x02a00000,0x02a50000)]
  0x27476c00 JavaThread "DestroyJavaVM" [_thread_blocked, id=2444, stack(0x02c50000,0x02ca0000)]
  0x27475800 JavaThread "TimerQueue" daemon [_thread_blocked, id=3932, stack(0x293c0000,0x29410000)]
  0x27475000 JavaThread "AWT-EventQueue-0" [_thread_blocked, id=9992, stack(0x28c40000,0x28c90000)]
  0x27472000 JavaThread "AWT-Shutdown" [_thread_blocked, id=14020, stack(0x28bb0000,0x28c00000)]
  0x2732e400 JavaThread "Batik CleanerThread" daemon [_thread_blocked, id=14360, stack(0x28890000,0x288e0000)]
  0x2732dc00 JavaThread "JmDNS(fe80:0:0:0:64ea:8bc0:5fe9:6d41%wlan1.local.).Timer" daemon [_thread_blocked, id=7280, stack(0x28580000,0x285d0000)]
  0x2732fc00 JavaThread "JmDNS(fe80:0:0:0:64ea:8bc0:5fe9:6d41%wlan1.local.).State.Timer" [_thread_blocked, id=11704, stack(0x284f0000,0x28540000)]
  0x2732f000 JavaThread "JmDNS(fe80:0:0:0:64ea:8bc0:5fe9:6d41%wlan1.local.).Timer" daemon [_thread_blocked, id=12860, stack(0x28460000,0x284b0000)]
  0x2732e800 JavaThread "SocketListener(fe80:0:0:0:64ea:8bc0:5fe9:6d41%wlan1.local.)" daemon [_thread_in_native, id=5884, stack(0x283d0000,0x28420000)]
  0x27330400 JavaThread "JmDNS(Kevin.local.).Timer" daemon [_thread_blocked, id=8408, stack(0x28340000,0x28390000)]
  0x2732d800 JavaThread "JmDNS(Kevin.local.).State.Timer" [_thread_blocked, id=19248, stack(0x282b0000,0x28300000)]
  0x27331000 JavaThread "JmDNS(Kevin.local.).Timer" daemon [_thread_blocked, id=3204, stack(0x28220000,0x28270000)]
  0x27330800 JavaThread "SocketListener(Kevin.local.)" daemon [_thread_in_native, id=15476, stack(0x28190000,0x281e0000)]
  0x27304400 JavaThread "JmDNS(10-111-50-175.local.).Timer" daemon [_thread_blocked, id=3528, stack(0x28100000,0x28150000)]
  0x27303c00 JavaThread "JmDNS(10-111-50-175.local.).State.Timer" [_thread_blocked, id=9284, stack(0x28070000,0x280c0000)]
  0x272f1400 JavaThread "JmDNS(10-111-50-175.local.).Timer" daemon [_thread_blocked, id=18732, stack(0x27fe0000,0x28030000)]
  0x272f0c00 JavaThread "SocketListener(10-111-50-175.local.)" daemon [_thread_in_native, id=18376, stack(0x27f40000,0x27f90000)]
  0x2725c800 JavaThread "cc.arduino.packages.discoverers.network.BoardReachabilityFilter" [_thread_blocked, id=2368, stack(0x27c90000,0x27ce0000)]
  0x2725c000 JavaThread "cc.arduino.packages.discoverers.network.NetworkChecker" [_thread_blocked, id=13808, stack(0x27c00000,0x27c50000)]
=>0x27245000 JavaThread "cc.arduino.packages.discoverers.serial.SerialBoardsLister" [_thread_in_native, id=17392, stack(0x26600000,0x26650000)]
  0x26178800 JavaThread "AWT-Windows" daemon [_thread_in_native, id=7696, stack(0x26690000,0x266e0000)]
  0x26175800 JavaThread "Java2D Disposer" daemon [_thread_blocked, id=7976, stack(0x26570000,0x265c0000)]
  0x2596cc00 JavaThread "Service Thread" daemon [_thread_blocked, id=19840, stack(0x25f60000,0x25fb0000)]
  0x25945800 JavaThread "C1 CompilerThread0" daemon [_thread_blocked, id=15552, stack(0x25ed0000,0x25f20000)]
  0x25944400 JavaThread "Attach Listener" daemon [_thread_blocked, id=14188, stack(0x25e40000,0x25e90000)]
  0x25942800 JavaThread "Signal Dispatcher" daemon [_thread_blocked, id=13352, stack(0x25db0000,0x25e00000)]
  0x25932c00 JavaThread "Finalizer" daemon [_thread_blocked, id=19196, stack(0x25c30000,0x25c80000)]
  0x02b5e800 JavaThread "Reference Handler" daemon [_thread_blocked, id=18984, stack(0x25ba0000,0x25bf0000)]

Other Threads:
  0x02b5c000 VMThread [stack: 0x25b10000,0x25b60000] [id=14636]
  0x25951000 WatcherThread [stack: 0x25ff0000,0x26040000] [id=9556]

VM state:not at safepoint (normal execution)

VM Mutex/Monitor currently owned by a thread: None

Heap:
 def new generation   total 39424K, used 13973K [0x05400000, 0x07ec0000, 0x0fea0000)
  eden space 35072K,  37% used [0x05400000, 0x060d1350, 0x07640000)
  from space 4352K,  19% used [0x07a80000, 0x07b543c0, 0x07ec0000)
  to   space 4352K,   0% used [0x07640000, 0x07640000, 0x07a80000)
 tenured generation   total 87424K, used 27759K [0x0fea0000, 0x15400000, 0x25400000)
   the space 87424K,  31% used [0x0fea0000, 0x119bbe18, 0x119bc000, 0x15400000)
 Metaspace       used 18285K, capacity 18732K, committed 18816K, reserved 18816K

Card table byte_map: [0x052d0000,0x053e0000] byte_map_base: 0x052a6000

Polling page: 0x02a50000

CodeCache: size=32768Kb used=2375Kb max_used=4306Kb free=30392Kb
 bounds [0x03250000, 0x03688000, 0x05250000]
 total_blobs=1361 nmethods=1086 adapters=204
 compilation: enabled

Compilation events (10 events):
Event: 9279.676 Thread 0x25945800 4277             java.util.HashSet::add (20 bytes)
Event: 9279.676 Thread 0x25945800 nmethod 4277 0x033fbc48 code [0x033fbd50, 0x033fbe0c]
Event: 9283.026 Thread 0x25945800 4278             java.net.Inet4Address::hashCode (8 bytes)
Event: 9283.027 Thread 0x25945800 nmethod 4278 0x03432608 code [0x03432700, 0x03432790]
Event: 9290.912 Thread 0x25945800 4279   !         javax.swing.RepaintManager::validateInvalidComponents (107 bytes)
Event: 9290.914 Thread 0x25945800 nmethod 4279 0x03323648 code [0x033237f0, 0x03323df8]
Event: 9303.602 Thread 0x25945800 4280   !         sun.awt.AWTAutoShutdown::notifyThreadFree (74 bytes)
Event: 9303.603 Thread 0x25945800 nmethod 4280 0x033123c8 code [0x03312500, 0x033128f4]
Event: 9368.314 Thread 0x25945800 4281             java.util.concurrent.locks.AbstractQueuedSynchronizer$ConditionObject::doSignalAll (36 bytes)
Event: 9368.315 Thread 0x25945800 nmethod 4281 0x033db448 code [0x033db550, 0x033db64c]

GC Heap History (10 events):
Event: 1307.533 GC heap before
{Heap before GC invocations=7 (full 1):
 def new generation   total 39424K, used 35932K [0x05400000, 0x07ec0000, 0x0fea0000)
  eden space 35072K,  99% used [0x05400000, 0x0763ff30, 0x07640000)
  from space 4352K,  19% used [0x07640000, 0x07717490, 0x07a80000)
  to   space 4352K,   0% used [0x07a80000, 0x07a80000, 0x07ec0000)
 tenured generation   total 87424K, used 27759K [0x0fea0000, 0x15400000, 0x25400000)
   the space 87424K,  31% used [0x0fea0000, 0x119bbe18, 0x119bc000, 0x15400000)
 Metaspace       used 18282K, capacity 18732K, committed 18816K, reserved 18816K
Event: 1307.542 GC heap after
Heap after GC invocations=8 (full 1):
 def new generation   total 39424K, used 872K [0x05400000, 0x07ec0000, 0x0fea0000)
  eden space 35072K,   0% used [0x05400000, 0x05400000, 0x07640000)
  from space 4352K,  20% used [0x07a80000, 0x07b5a130, 0x07ec0000)
  to   space 4352K,   0% used [0x07640000, 0x07640000, 0x07a80000)
 tenured generation   total 87424K, used 27759K [0x0fea0000, 0x15400000, 0x25400000)
   the space 87424K,  31% used [0x0fea0000, 0x119bbe18, 0x119bc000, 0x15400000)
 Metaspace       used 18282K, capacity 18732K, committed 18816K, reserved 18816K
}
Event: 2948.810 GC heap before
{Heap before GC invocations=8 (full 1):
 def new generation   total 39424K, used 35944K [0x05400000, 0x07ec0000, 0x0fea0000)
  eden space 35072K, 100% used [0x05400000, 0x07640000, 0x07640000)
  from space 4352K,  20% used [0x07a80000, 0x07b5a130, 0x07ec0000)
  to   space 4352K,   0% used [0x07640000, 0x07640000, 0x07a80000)
 tenured generation   total 87424K, used 27759K [0x0fea0000, 0x15400000, 0x25400000)
   the space 87424K,  31% used [0x0fea0000, 0x119bbe18, 0x119bc000, 0x15400000)
 Metaspace       used 18285K, capacity 18732K, committed 18816K, reserved 18816K
Event: 2948.814 GC heap after
Heap after GC invocations=9 (full 1):
 def new generation   total 39424K, used 676K [0x05400000, 0x07ec0000, 0x0fea0000)
  eden space 35072K,   0% used [0x05400000, 0x05400000, 0x07640000)
  from space 4352K,  15% used [0x07640000, 0x076e91e8, 0x07a80000)
  to   space 4352K,   0% used [0x07a80000, 0x07a80000, 0x07ec0000)
 tenured generation   total 87424K, used 27759K [0x0fea0000, 0x15400000, 0x25400000)
   the space 87424K,  31% used [0x0fea0000, 0x119bbe18, 0x119bc000, 0x15400000)
 Metaspace       used 18285K, capacity 18732K, committed 18816K, reserved 18816K
}
Event: 3971.089 GC heap before
{Heap before GC invocations=9 (full 1):
 def new generation   total 39424K, used 35748K [0x05400000, 0x07ec0000, 0x0fea0000)
  eden space 35072K, 100% used [0x05400000, 0x07640000, 0x07640000)
  from space 4352K,  15% used [0x07640000, 0x076e91e8, 0x07a80000)
  to   space 4352K,   0% used [0x07a80000, 0x07a80000, 0x07ec0000)
 tenured generation   total 87424K, used 27759K [0x0fea0000, 0x15400000, 0x25400000)
   the space 87424K,  31% used [0x0fea0000, 0x119bbe18, 0x119bc000, 0x15400000)
 Metaspace       used 18285K, capacity 18732K, committed 18816K, reserved 18816K
Event: 3971.094 GC heap after
Heap after GC invocations=10 (full 1):
 def new generation   total 39424K, used 771K [0x05400000, 0x07ec0000, 0x0fea0000)
  eden space 35072K,   0% used [0x05400000, 0x05400000, 0x07640000)
  from space 4352K,  17% used [0x07a80000, 0x07b40d70, 0x07ec0000)
  to   space 4352K,   0% used [0x07640000, 0x07640000, 0x07a80000)
 tenured generation   total 87424K, used 27759K [0x0fea0000, 0x15400000, 0x25400000)
   the space 87424K,  31% used [0x0fea0000, 0x119bbe18, 0x119bc000, 0x15400000)
 Metaspace       used 18285K, capacity 18732K, committed 18816K, reserved 18816K
}
Event: 6435.703 GC heap before
{Heap before GC invocations=10 (full 1):
 def new generation   total 39424K, used 35843K [0x05400000, 0x07ec0000, 0x0fea0000)
  eden space 35072K, 100% used [0x05400000, 0x07640000, 0x07640000)
  from space 4352K,  17% used [0x07a80000, 0x07b40d70, 0x07ec0000)
  to   space 4352K,   0% used [0x07640000, 0x07640000, 0x07a80000)
 tenured generation   total 87424K, used 27759K [0x0fea0000, 0x15400000, 0x25400000)
   the space 87424K,  31% used [0x0fea0000, 0x119bbe18, 0x119bc000, 0x15400000)
 Metaspace       used 18285K, capacity 18732K, committed 18816K, reserved 18816K
Event: 6435.709 GC heap after
Heap after GC invocations=11 (full 1):
 def new generation   total 39424K, used 738K [0x05400000, 0x07ec0000, 0x0fea0000)
  eden space 35072K,   0% used [0x05400000, 0x05400000, 0x07640000)
  from space 4352K,  16% used [0x07640000, 0x076f89c0, 0x07a80000)
  to   space 4352K,   0% used [0x07a80000, 0x07a80000, 0x07ec0000)
 tenured generation   total 87424K, used 27759K [0x0fea0000, 0x15400000, 0x25400000)
   the space 87424K,  31% used [0x0fea0000, 0x119bbe18, 0x119bc000, 0x15400000)
 Metaspace       used 18285K, capacity 18732K, committed 18816K, reserved 18816K
}
Event: 8605.031 GC heap before
{Heap before GC invocations=11 (full 1):
 def new generation   total 39424K, used 35810K [0x05400000, 0x07ec0000, 0x0fea0000)
  eden space 35072K, 100% used [0x05400000, 0x07640000, 0x07640000)
  from space 4352K,  16% used [0x07640000, 0x076f89c0, 0x07a80000)
  to   space 4352K,   0% used [0x07a80000, 0x07a80000, 0x07ec0000)
 tenured generation   total 87424K, used 27759K [0x0fea0000, 0x15400000, 0x25400000)
   the space 87424K,  31% used [0x0fea0000, 0x119bbe18, 0x119bc000, 0x15400000)
 Metaspace       used 18285K, capacity 18732K, committed 18816K, reserved 18816K
Event: 8605.038 GC heap after
Heap after GC invocations=12 (full 1):
 def new generation   total 39424K, used 848K [0x05400000, 0x07ec0000, 0x0fea0000)
  eden space 35072K,   0% used [0x05400000, 0x05400000, 0x07640000)
  from space 4352K,  19% used [0x07a80000, 0x07b543c0, 0x07ec0000)
  to   space 4352K,   0% used [0x07640000, 0x07640000, 0x07a80000)
 tenured generation   total 87424K, used 27759K [0x0fea0000, 0x15400000, 0x25400000)
   the space 87424K,  31% used [0x0fea0000, 0x119bbe18, 0x119bc000, 0x15400000)
 Metaspace       used 18285K, capacity 18732K, committed 18816K, reserved 18816K
}

Deoptimization events (0 events):
No events

Internal exceptions (10 events):
Event: 3684.586 Thread 0x27474000 Exception <a 'sun/nio/fs/WindowsException'> (0x0720bd10) thrown at [C:\workspace\8-2-build-windows-i586-cygwin\jdk8u92\6642\hotspot\src\share\vm\prims\jni.cpp, line 709]
Event: 3684.587 Thread 0x27474000 Exception <a 'sun/nio/fs/WindowsException'> (0x07211f68) thrown at [C:\workspace\8-2-build-windows-i586-cygwin\jdk8u92\6642\hotspot\src\share\vm\prims\jni.cpp, line 709]
Event: 3684.587 Thread 0x27474000 Exception <a 'sun/nio/fs/WindowsException'> (0x07212560) thrown at [C:\workspace\8-2-build-windows-i586-cygwin\jdk8u92\6642\hotspot\src\share\vm\prims\jni.cpp, line 709]
Event: 3684.588 Thread 0x27474000 Exception <a 'sun/nio/fs/WindowsException'> (0x07220560) thrown at [C:\workspace\8-2-build-windows-i586-cygwin\jdk8u92\6642\hotspot\src\share\vm\prims\jni.cpp, line 709]
Event: 3684.588 Thread 0x27474000 Exception <a 'sun/nio/fs/WindowsException'> (0x07220be8) thrown at [C:\workspace\8-2-build-windows-i586-cygwin\jdk8u92\6642\hotspot\src\share\vm\prims\jni.cpp, line 709]
Event: 3684.589 Thread 0x27474000 Exception <a 'java/io/IOException'> (0x07224c00) thrown at [C:\workspace\8-2-build-windows-i586-cygwin\jdk8u92\6642\hotspot\src\share\vm\prims\jni.cpp, line 709]
Event: 3684.589 Thread 0x27474000 Exception <a 'java/io/IOException'> (0x07224fb8) thrown at [C:\workspace\8-2-build-windows-i586-cygwin\jdk8u92\6642\hotspot\src\share\vm\prims\jni.cpp, line 709]
Event: 3684.589 Thread 0x27474000 Exception <a 'java/io/IOException'> (0x07225200) thrown at [C:\workspace\8-2-build-windows-i586-cygwin\jdk8u92\6642\hotspot\src\share\vm\prims\jni.cpp, line 709]
Event: 3684.590 Thread 0x27474000 Exception <a 'sun/nio/fs/WindowsException'> (0x0722fd30) thrown at [C:\workspace\8-2-build-windows-i586-cygwin\jdk8u92\6642\hotspot\src\share\vm\prims\jni.cpp, line 709]
Event: 3684.590 Thread 0x27474000 Exception <a 'sun/nio/fs/WindowsException'> (0x07230270) thrown at [C:\workspace\8-2-build-windows-i586-cygwin\jdk8u92\6642\hotspot\src\share\vm\prims\jni.cpp, line 709]

Events (10 events):
Event: 9165.273 Thread 0x25945800 flushing nmethod 0x033db408
Event: 9165.273 Thread 0x25945800 flushing nmethod 0x0341f1c8
Event: 9165.273 Thread 0x25945800 flushing nmethod 0x034325c8
Event: 9165.273 Thread 0x25945800 flushing nmethod 0x03455d48
Event: 9267.457 Thread 0x25945800 flushing nmethod 0x03312288
Event: 9267.458 Thread 0x25945800 flushing nmethod 0x0339bc08
Event: 9277.145 Thread 0x25945800 flushing nmethod 0x033fbc48
Event: 9290.915 Thread 0x25945800 flushing nmethod 0x0345c308
Event: 9290.915 Thread 0x25945800 flushing nmethod 0x03476d08
Event: 9290.915 Thread 0x25945800 flushing nmethod 0x03477008


Dynamic libraries:
0x00950000 - 0x00983000 	C:\Program Files (x86)\Arduino\java\bin\javaw.exe
0x76f30000 - 0x770b3000 	C:\WINDOWS\SYSTEM32\ntdll.dll
0x74830000 - 0x74910000 	C:\WINDOWS\System32\KERNEL32.DLL
0x74670000 - 0x74811000 	C:\WINDOWS\System32\KERNELBASE.dll
0x76be0000 - 0x76c57000 	C:\WINDOWS\System32\ADVAPI32.dll
0x76d90000 - 0x76e4e000 	C:\WINDOWS\System32\msvcrt.dll
0x76580000 - 0x765c1000 	C:\WINDOWS\System32\sechost.dll
0x764b0000 - 0x76571000 	C:\WINDOWS\System32\RPCRT4.dll
0x739f0000 - 0x73a0e000 	C:\WINDOWS\System32\SspiCli.dll
0x739e0000 - 0x739ea000 	C:\WINDOWS\System32\CRYPTBASE.dll
0x76c60000 - 0x76cba000 	C:\WINDOWS\System32\bcryptPrimitives.dll
0x74290000 - 0x743ef000 	C:\WINDOWS\System32\USER32.dll
0x76930000 - 0x76945000 	C:\WINDOWS\System32\win32u.dll
0x76f00000 - 0x76f2b000 	C:\WINDOWS\System32\GDI32.dll
0x76350000 - 0x764ab000 	C:\WINDOWS\System32\gdi32full.dll
0x69750000 - 0x6995a000 	C:\WINDOWS\WinSxS\x86_microsoft.windows.common-controls_6595b64144ccf1df_6.0.14393.953_none_89c2555adb023171\COMCTL32.dll
0x76710000 - 0x76921000 	C:\WINDOWS\System32\combase.dll
0x743f0000 - 0x744d0000 	C:\WINDOWS\System32\ucrtbase.dll
0x76a70000 - 0x76a95000 	C:\WINDOWS\System32\IMM32.DLL
0x6fcf0000 - 0x6fdaf000 	C:\Program Files (x86)\Arduino\java\bin\msvcr100.dll
0x65640000 - 0x65a0b000 	C:\Program Files (x86)\Arduino\java\bin\client\jvm.dll
0x745c0000 - 0x745c6000 	C:\WINDOWS\System32\PSAPI.DLL
0x71a20000 - 0x71a44000 	C:\WINDOWS\SYSTEM32\WINMM.dll
0x734c0000 - 0x734c8000 	C:\WINDOWS\SYSTEM32\VERSION.dll
0x71a50000 - 0x71a58000 	C:\WINDOWS\SYSTEM32\WSOCK32.dll
0x76d20000 - 0x76d83000 	C:\WINDOWS\System32\WS2_32.dll
0x02970000 - 0x02993000 	C:\WINDOWS\SYSTEM32\WINMMBASE.dll
0x74250000 - 0x74286000 	C:\WINDOWS\System32\cfgmgr32.dll
0x66780000 - 0x667b1000 	C:\Program Files (x86)\Arduino\java\bin\splashscreen.dll
0x68e20000 - 0x68e95000 	C:\WINDOWS\system32\uxtheme.dll
0x76aa0000 - 0x76bd5000 	C:\WINDOWS\System32\MSCTF.dll
0x76e50000 - 0x76ee4000 	C:\WINDOWS\System32\OLEAUT32.dll
0x769f0000 - 0x76a6b000 	C:\WINDOWS\System32\msvcp_win.dll
0x6fce0000 - 0x6fcec000 	C:\Program Files (x86)\Arduino\java\bin\verify.dll
0x6fc70000 - 0x6fc91000 	C:\Program Files (x86)\Arduino\java\bin\java.dll
0x769b0000 - 0x769bd000 	C:\WINDOWS\System32\kernel.appcore.dll
0x6fbd0000 - 0x6fbe3000 	C:\Program Files (x86)\Arduino\java\bin\zip.dll
0x74f70000 - 0x76349000 	C:\WINDOWS\System32\SHELL32.dll
0x74910000 - 0x74e7e000 	C:\WINDOWS\System32\windows.storage.dll
0x765e0000 - 0x76625000 	C:\WINDOWS\System32\powrprof.dll
0x73b80000 - 0x73bc6000 	C:\WINDOWS\System32\shlwapi.dll
0x76630000 - 0x766b8000 	C:\WINDOWS\System32\shcore.dll
0x765d0000 - 0x765df000 	C:\WINDOWS\System32\profapi.dll
0x73bd0000 - 0x73cba000 	C:\WINDOWS\System32\ole32.dll
0x744d0000 - 0x74554000 	C:\WINDOWS\System32\clbcatq.dll
0x66630000 - 0x66775000 	C:\Program Files (x86)\Arduino\java\bin\awt.dll
0x60560000 - 0x605f2000 	C:\WINDOWS\SYSTEM32\apphelp.dll
0x68eb0000 - 0x68ecf000 	C:\WINDOWS\system32\dwmapi.dll
0x61740000 - 0x6176c000 	C:\Program Files (x86)\Arduino\lib\listSerialsj.dll
0x73cc0000 - 0x740cb000 	C:\WINDOWS\System32\SETUPAPI.dll
0x716e0000 - 0x716f3000 	C:\WINDOWS\SYSTEM32\CRYPTSP.dll
0x71920000 - 0x7194f000 	C:\WINDOWS\system32\rsaenh.dll
0x718a0000 - 0x718bb000 	C:\WINDOWS\SYSTEM32\bcrypt.dll
0x73490000 - 0x734aa000 	C:\WINDOWS\SYSTEM32\USERENV.dll
0x67100000 - 0x67116000 	C:\Program Files (x86)\Arduino\java\bin\net.dll
0x72c60000 - 0x72cae000 	C:\WINDOWS\system32\mswsock.dll
0x730f0000 - 0x7311f000 	C:\WINDOWS\SYSTEM32\IPHLPAPI.DLL
0x76ef0000 - 0x76ef7000 	C:\WINDOWS\System32\NSI.dll
0x72e30000 - 0x72e43000 	C:\WINDOWS\SYSTEM32\dhcpcsvc6.DLL
0x72e10000 - 0x72e24000 	C:\WINDOWS\SYSTEM32\dhcpcsvc.DLL
0x6fcd0000 - 0x6fcdf000 	C:\Program Files (x86)\Arduino\java\bin\nio.dll
0x26cd0000 - 0x26d0d000 	C:\Users\Kevin\AppData\Local\Temp\jna-72389729\jna5133039771469749481.dll
0x665f0000 - 0x66629000 	C:\Program Files (x86)\Arduino\java\bin\fontmanager.dll
0x65600000 - 0x65632000 	C:\Program Files (x86)\Arduino\java\bin\t2k.dll
0x72cb0000 - 0x72d2d000 	C:\WINDOWS\SYSTEM32\DNSAPI.dll
0x67340000 - 0x67361000 	C:\Program Files (x86)\Bonjour\mdnsNSP.dll
0x732f0000 - 0x732f8000 	C:\Windows\System32\rasadhlp.dll
0x672f0000 - 0x67339000 	C:\WINDOWS\System32\fwpuclnt.dll
0x65590000 - 0x655f9000 	C:\Program Files (x86)\Arduino\msvcp100.dll
0x654d0000 - 0x6558e000 	C:\Program Files (x86)\Arduino\msvcr100.dll
0x28610000 - 0x28642000 	C:\Program Files (x86)\Arduino\lib\AStylej.dll
0x65b90000 - 0x65bb4000 	C:\Program Files (x86)\Arduino\java\bin\dcpr.dll
0x62990000 - 0x62afe000 	C:\WINDOWS\SYSTEM32\WindowsCodecs.dll
0x65480000 - 0x654c4000 	C:\WINDOWS\system32\dataexchange.dll
0x64bc0000 - 0x64df0000 	C:\WINDOWS\system32\d3d11.dll
0x65360000 - 0x65473000 	C:\WINDOWS\system32\dcomp.dll
0x65210000 - 0x65293000 	C:\WINDOWS\system32\dxgi.dll
0x65110000 - 0x65201000 	C:\WINDOWS\system32\twinapi.appcore.dll
0x71a60000 - 0x71a82000 	C:\WINDOWS\SYSTEM32\DEVOBJ.dll
0x766c0000 - 0x76704000 	C:\WINDOWS\System32\WINTRUST.dll
0x769c0000 - 0x769ce000 	C:\WINDOWS\System32\MSASN1.dll
0x740d0000 - 0x7424d000 	C:\WINDOWS\System32\CRYPT32.dll
0x73720000 - 0x73865000 	C:\WINDOWS\SYSTEM32\dbghelp.dll

VM Arguments:
jvm_args: -Dsun.java2d.d3d=false -Djna.nosys=true -DAPP_DIR=C:\Program Files (x86)\Arduino -Xms128M -Xmx512M 
java_command: processing.app.Base C:\Users\Kevin\Desktop\SCD Files\nrf24_multiproTesting\nrf24_multipro\nRF24_multipro\nRF24_multipro.ino
java_class_path (initial): C:\Program Files (x86)\Arduino\lib\apple.jar;C:\Program Files (x86)\Arduino\lib\arduino-core.jar;C:\Program Files (x86)\Arduino\lib\batik-1.8.jar;C:\Program Files (x86)\Arduino\lib\batik-anim-1.8.jar;C:\Program Files (x86)\Arduino\lib\batik-awt-util-1.8.jar;C:\Program Files (x86)\Arduino\lib\batik-bridge-1.8.jar;C:\Program Files (x86)\Arduino\lib\batik-codec-1.8.jar;C:\Program Files (x86)\Arduino\lib\batik-css-1.8.jar;C:\Program Files (x86)\Arduino\lib\batik-dom-1.8.jar;C:\Program Files (x86)\Arduino\lib\batik-ext-1.8.jar;C:\Program Files (x86)\Arduino\lib\batik-gvt-1.8.jar;C:\Program Files (x86)\Arduino\lib\batik-parser-1.8.jar;C:\Program Files (x86)\Arduino\lib\batik-rasterizer-1.8.jar;C:\Program Files (x86)\Arduino\lib\batik-script-1.8.jar;C:\Program Files (x86)\Arduino\lib\batik-squiggle-1.8.jar;C:\Program Files (x86)\Arduino\lib\batik-svg-dom-1.8.jar;C:\Program Files (x86)\Arduino\lib\batik-svgpp-1.8.jar;C:\Program Files (x86)\Arduino\lib\batik-transcoder-1.8.jar;C:\Program Files (x86)\Arduino\lib\batik-util-1.8.jar;C:\Program Files (x86)\Arduino\lib\batik-xml-1.8.jar;C:\Program Files (x86)\Arduino\lib\bcpg-jdk15on-152.jar;C:\Program Files (x86)\Arduino\lib\bcprov-jdk15on-152.jar;C:\Program Files (x86)\Arduino\lib\commons-codec-1.7.jar;C:\Program Files (x86)\Arduino\lib\commons-compress-1.8.jar;C:\Program Files (x86)\Arduino\lib\commons-exec-1.1.jar;C:\Program Files (x86)\Arduino\lib\commons-httpclient-3.1.jar;C:\Program Files (x86)\Arduino\lib\commons-lang3-3.3.2.jar;C:\Program Files (x86)\Arduino\lib\commons-logging-1.0.4.jar;C:\Program Files (x86)\Arduino\lib\commons-net-3.3.jar;C:\Program Files (x86)\Arduino\lib\jackson-annotations-2.6.3.jar;C:\Program Files (x86)\Arduino\lib\jackson-core-2.6.3.jar;C:\Program Files (x86)\Arduino\lib\jackson-databind-2.6.3.jar;C:\Program Files (x86)\Arduino\lib\jackson-module-mrbean-2.6.3.jar;C:\Program Files (x86)\Arduino\lib\java-semver-0.8.0.jar;C:\Program Files (x86)\Arduino\lib\jmdns-3.4.1.j
Launcher Type: SUN_STANDARD

Environment Variables:
PATH=C:\ProgramData\Oracle\Java\javapath;C:\WINDOWS\system32;C:\WINDOWS;C:\WINDOWS\System32\Wbem;C:\WINDOWS\System32\WindowsPowerShell\v1.0\;C:\Program Files (x86)\Windows Live\Shared;C:\Program Files (x86)\QuickTime\QTSystem\;C:\WINDOWS\system32\config\systemprofile\.dnx\bin;C:\Program Files\Microsoft DNX\Dnvm\;C:\Program Files (x86)\Windows Kits\8.1\Windows Performance Toolkit\;C:\Program Files\Microsoft SQL Server\130\Tools\Binn\;C:\Program Files (x86)\Skype\Phone\;C:\Users\Kevin\AppData\Local\Microsoft\WindowsApps;C:\Users\Kevin\AppData\Local\Programs\MiKTeX 2.9\miktex\bin\;C:\Users\Kevin\AppData\Local\Pandoc\;C:\Program Files (x86)\Arduino\java\bin
USERNAME=Kevin
OS=Windows_NT
PROCESSOR_IDENTIFIER=Intel64 Family 6 Model 58 Stepping 9, GenuineIntel



---------------  S Y S T E M  ---------------

OS: Windows 10.0 , 64 bit Build 14393 (10.0.14393.0)

CPU:total 4 (2 cores per cpu, 2 threads per core) family 6 model 58 stepping 9, cmov, cx8, fxsr, mmx, sse, sse2, sse3, ssse3, sse4.1, sse4.2, popcnt, avx, aes, clmul, erms, ht, tsc, tscinvbit, tscinv

Memory: 4k page, physical 6167832k(3347308k free), swap 11894308k(8315916k free)

vm_info: Java HotSpot(TM) Client VM (25.92-b14) for windows-x86 JRE (1.8.0_92-b14), built on Mar 31 2016 21:09:21 by "java_re" with MS VC++ 10.0 (VS2010)

time: Sat Apr 08 12:44:22 2017
elapsed time: 9401 seconds (0d 2h 36m 41s)

